<?xml version="1.0" encoding="UTF-8"?>
<!-- Generated by org.testng.reporters.JUnitXMLReporter -->
<testsuite ignored="0" hostname="MSI" failures="0" tests="5" name="Default test" time="2.738" errors="0" timestamp="2024-07-28T21:02:15 PDT">
  <testcase classname="DataDrivenExamples" name="testDelete" time="1.121"/>
  <testcase classname="DataDrivenExamples" name="testDelete" time="0.41"/>
  <testcase classname="DataDrivenExamples" name="testDelete" time="0.369"/>
  <testcase classname="DataDrivenExamples" name="testPost" time="0.424"/>
  <testcase classname="DataDrivenExamples" name="testPost" time="0.37"/>
</testsuite> <!-- Default test -->
