<?xml version="1.0" encoding="UTF-8"?>
<testng-results ignored="0" total="1" passed="1" failed="0" skipped="0">
  <reporter-output>
  </reporter-output>
  <suite started-at="2024-07-30T17:56:28 PDT" name="Default suite" finished-at="2024-07-30T17:56:29 PDT" duration-ms="1256">
    <groups>
    </groups>
    <test started-at="2024-07-30T17:56:28 PDT" name="Default test" finished-at="2024-07-30T17:56:29 PDT" duration-ms="1256">
      <class name="JSONSchemaValidator">
        <test-method signature="testGet()[pri:0, instance:JSONSchemaValidator@1530c739]" started-at="2024-07-30T17:56:28 PDT" name="testGet" finished-at="2024-07-30T17:56:29 PDT" duration-ms="1221" status="PASS">
          <reporter-output>
          </reporter-output>
        </test-method> <!-- testGet -->
      </class> <!-- JSONSchemaValidator -->
    </test> <!-- Default test -->
  </suite> <!-- Default suite -->
</testng-results>
